CRITICAL - 2020-11-09 04:19:31 --> syntax error, unexpected ';', expecting ')'
#0 /home/don/Documents/mitsis/system/Autoloader/Autoloader.php(296): CodeIgniter\Autoloader\Autoloader->requireFile()
#1 /home/don/Documents/mitsis/system/Autoloader/Autoloader.php(258): CodeIgniter\Autoloader\Autoloader->loadInNamespace()
#2 [internal function]: CodeIgniter\Autoloader\Autoloader->loadClass()
#3 [internal function]: spl_autoload_call()
#4 /home/don/Documents/mitsis/system/CodeIgniter.php(869): class_exists()
#5 /home/don/Documents/mitsis/system/CodeIgniter.php(394): CodeIgniter\CodeIgniter->startController()
#6 /home/don/Documents/mitsis/system/CodeIgniter.php(312): CodeIgniter\CodeIgniter->handleRequest()
#7 /home/don/Documents/mitsis/public/index.php(45): CodeIgniter\CodeIgniter->run()
#8 /home/don/Documents/mitsis/system/Commands/Server/rewrite.php(34): require_once('/home/don/Docum...')
#9 {main}
CRITICAL - 2020-11-09 04:20:02 --> syntax error, unexpected ';', expecting ')'
#0 /home/don/Documents/mitsis/system/Autoloader/Autoloader.php(296): CodeIgniter\Autoloader\Autoloader->requireFile()
#1 /home/don/Documents/mitsis/system/Autoloader/Autoloader.php(258): CodeIgniter\Autoloader\Autoloader->loadInNamespace()
#2 [internal function]: CodeIgniter\Autoloader\Autoloader->loadClass()
#3 [internal function]: spl_autoload_call()
#4 /home/don/Documents/mitsis/system/CodeIgniter.php(869): class_exists()
#5 /home/don/Documents/mitsis/system/CodeIgniter.php(394): CodeIgniter\CodeIgniter->startController()
#6 /home/don/Documents/mitsis/system/CodeIgniter.php(312): CodeIgniter\CodeIgniter->handleRequest()
#7 /home/don/Documents/mitsis/public/index.php(45): CodeIgniter\CodeIgniter->run()
#8 /home/don/Documents/mitsis/system/Commands/Server/rewrite.php(34): require_once('/home/don/Docum...')
#9 {main}
CRITICAL - 2020-11-09 04:20:03 --> syntax error, unexpected ';', expecting ')'
#0 /home/don/Documents/mitsis/system/Autoloader/Autoloader.php(296): CodeIgniter\Autoloader\Autoloader->requireFile()
#1 /home/don/Documents/mitsis/system/Autoloader/Autoloader.php(258): CodeIgniter\Autoloader\Autoloader->loadInNamespace()
#2 [internal function]: CodeIgniter\Autoloader\Autoloader->loadClass()
#3 [internal function]: spl_autoload_call()
#4 /home/don/Documents/mitsis/system/CodeIgniter.php(869): class_exists()
#5 /home/don/Documents/mitsis/system/CodeIgniter.php(394): CodeIgniter\CodeIgniter->startController()
#6 /home/don/Documents/mitsis/system/CodeIgniter.php(312): CodeIgniter\CodeIgniter->handleRequest()
#7 /home/don/Documents/mitsis/public/index.php(45): CodeIgniter\CodeIgniter->run()
#8 /home/don/Documents/mitsis/system/Commands/Server/rewrite.php(34): require_once('/home/don/Docum...')
#9 {main}
CRITICAL - 2020-11-09 04:20:25 --> syntax error, unexpected ';', expecting ')'
#0 /home/don/Documents/mitsis/system/Autoloader/Autoloader.php(296): CodeIgniter\Autoloader\Autoloader->requireFile()
#1 /home/don/Documents/mitsis/system/Autoloader/Autoloader.php(258): CodeIgniter\Autoloader\Autoloader->loadInNamespace()
#2 [internal function]: CodeIgniter\Autoloader\Autoloader->loadClass()
#3 [internal function]: spl_autoload_call()
#4 /home/don/Documents/mitsis/system/CodeIgniter.php(869): class_exists()
#5 /home/don/Documents/mitsis/system/CodeIgniter.php(394): CodeIgniter\CodeIgniter->startController()
#6 /home/don/Documents/mitsis/system/CodeIgniter.php(312): CodeIgniter\CodeIgniter->handleRequest()
#7 /home/don/Documents/mitsis/public/index.php(45): CodeIgniter\CodeIgniter->run()
#8 /home/don/Documents/mitsis/system/Commands/Server/rewrite.php(34): require_once('/home/don/Docum...')
#9 {main}
CRITICAL - 2020-11-09 04:20:26 --> syntax error, unexpected ';', expecting ')'
#0 /home/don/Documents/mitsis/system/Autoloader/Autoloader.php(296): CodeIgniter\Autoloader\Autoloader->requireFile()
#1 /home/don/Documents/mitsis/system/Autoloader/Autoloader.php(258): CodeIgniter\Autoloader\Autoloader->loadInNamespace()
#2 [internal function]: CodeIgniter\Autoloader\Autoloader->loadClass()
#3 [internal function]: spl_autoload_call()
#4 /home/don/Documents/mitsis/system/CodeIgniter.php(869): class_exists()
#5 /home/don/Documents/mitsis/system/CodeIgniter.php(394): CodeIgniter\CodeIgniter->startController()
#6 /home/don/Documents/mitsis/system/CodeIgniter.php(312): CodeIgniter\CodeIgniter->handleRequest()
#7 /home/don/Documents/mitsis/public/index.php(45): CodeIgniter\CodeIgniter->run()
#8 /home/don/Documents/mitsis/system/Commands/Server/rewrite.php(34): require_once('/home/don/Docum...')
#9 {main}
CRITICAL - 2020-11-09 04:20:26 --> syntax error, unexpected ';', expecting ')'
#0 /home/don/Documents/mitsis/system/Autoloader/Autoloader.php(296): CodeIgniter\Autoloader\Autoloader->requireFile()
#1 /home/don/Documents/mitsis/system/Autoloader/Autoloader.php(258): CodeIgniter\Autoloader\Autoloader->loadInNamespace()
#2 [internal function]: CodeIgniter\Autoloader\Autoloader->loadClass()
#3 [internal function]: spl_autoload_call()
#4 /home/don/Documents/mitsis/system/CodeIgniter.php(869): class_exists()
#5 /home/don/Documents/mitsis/system/CodeIgniter.php(394): CodeIgniter\CodeIgniter->startController()
#6 /home/don/Documents/mitsis/system/CodeIgniter.php(312): CodeIgniter\CodeIgniter->handleRequest()
#7 /home/don/Documents/mitsis/public/index.php(45): CodeIgniter\CodeIgniter->run()
#8 /home/don/Documents/mitsis/system/Commands/Server/rewrite.php(34): require_once('/home/don/Docum...')
#9 {main}
CRITICAL - 2020-11-09 04:20:26 --> syntax error, unexpected ';', expecting ')'
#0 /home/don/Documents/mitsis/system/Autoloader/Autoloader.php(296): CodeIgniter\Autoloader\Autoloader->requireFile()
#1 /home/don/Documents/mitsis/system/Autoloader/Autoloader.php(258): CodeIgniter\Autoloader\Autoloader->loadInNamespace()
#2 [internal function]: CodeIgniter\Autoloader\Autoloader->loadClass()
#3 [internal function]: spl_autoload_call()
#4 /home/don/Documents/mitsis/system/CodeIgniter.php(869): class_exists()
#5 /home/don/Documents/mitsis/system/CodeIgniter.php(394): CodeIgniter\CodeIgniter->startController()
#6 /home/don/Documents/mitsis/system/CodeIgniter.php(312): CodeIgniter\CodeIgniter->handleRequest()
#7 /home/don/Documents/mitsis/public/index.php(45): CodeIgniter\CodeIgniter->run()
#8 /home/don/Documents/mitsis/system/Commands/Server/rewrite.php(34): require_once('/home/don/Docum...')
#9 {main}
CRITICAL - 2020-11-09 04:20:54 --> Argument 2 passed to view() must be of the type array, null given, called in /home/don/Documents/mitsis/app/Controllers/Users.php on line 10
#0 /home/don/Documents/mitsis/app/Controllers/Users.php(10): view()
#1 /home/don/Documents/mitsis/system/CodeIgniter.php(918): App\Controllers\Users->index()
#2 /home/don/Documents/mitsis/system/CodeIgniter.php(404): CodeIgniter\CodeIgniter->runController()
#3 /home/don/Documents/mitsis/system/CodeIgniter.php(312): CodeIgniter\CodeIgniter->handleRequest()
#4 /home/don/Documents/mitsis/public/index.php(45): CodeIgniter\CodeIgniter->run()
#5 /home/don/Documents/mitsis/system/Commands/Server/rewrite.php(34): require_once('/home/don/Docum...')
#6 {main}
CRITICAL - 2020-11-09 04:20:55 --> Argument 2 passed to view() must be of the type array, null given, called in /home/don/Documents/mitsis/app/Controllers/Users.php on line 10
#0 /home/don/Documents/mitsis/app/Controllers/Users.php(10): view()
#1 /home/don/Documents/mitsis/system/CodeIgniter.php(918): App\Controllers\Users->index()
#2 /home/don/Documents/mitsis/system/CodeIgniter.php(404): CodeIgniter\CodeIgniter->runController()
#3 /home/don/Documents/mitsis/system/CodeIgniter.php(312): CodeIgniter\CodeIgniter->handleRequest()
#4 /home/don/Documents/mitsis/public/index.php(45): CodeIgniter\CodeIgniter->run()
#5 /home/don/Documents/mitsis/system/Commands/Server/rewrite.php(34): require_once('/home/don/Docum...')
#6 {main}
CRITICAL - 2020-11-09 04:20:55 --> Argument 2 passed to view() must be of the type array, null given, called in /home/don/Documents/mitsis/app/Controllers/Users.php on line 10
#0 /home/don/Documents/mitsis/app/Controllers/Users.php(10): view()
#1 /home/don/Documents/mitsis/system/CodeIgniter.php(918): App\Controllers\Users->index()
#2 /home/don/Documents/mitsis/system/CodeIgniter.php(404): CodeIgniter\CodeIgniter->runController()
#3 /home/don/Documents/mitsis/system/CodeIgniter.php(312): CodeIgniter\CodeIgniter->handleRequest()
#4 /home/don/Documents/mitsis/public/index.php(45): CodeIgniter\CodeIgniter->run()
#5 /home/don/Documents/mitsis/system/Commands/Server/rewrite.php(34): require_once('/home/don/Docum...')
#6 {main}
CRITICAL - 2020-11-09 04:23:20 --> Argument 2 passed to view() must be of the type array, null given, called in /home/don/Documents/mitsis/app/Controllers/Users.php on line 9
#0 /home/don/Documents/mitsis/app/Controllers/Users.php(9): view()
#1 /home/don/Documents/mitsis/system/CodeIgniter.php(918): App\Controllers\Users->index()
#2 /home/don/Documents/mitsis/system/CodeIgniter.php(404): CodeIgniter\CodeIgniter->runController()
#3 /home/don/Documents/mitsis/system/CodeIgniter.php(312): CodeIgniter\CodeIgniter->handleRequest()
#4 /home/don/Documents/mitsis/public/index.php(45): CodeIgniter\CodeIgniter->run()
#5 /home/don/Documents/mitsis/system/Commands/Server/rewrite.php(34): require_once('/home/don/Docum...')
#6 {main}
CRITICAL - 2020-11-09 04:23:35 --> syntax error, unexpected ';', expecting ')'
#0 /home/don/Documents/mitsis/system/Autoloader/Autoloader.php(296): CodeIgniter\Autoloader\Autoloader->requireFile()
#1 /home/don/Documents/mitsis/system/Autoloader/Autoloader.php(258): CodeIgniter\Autoloader\Autoloader->loadInNamespace()
#2 [internal function]: CodeIgniter\Autoloader\Autoloader->loadClass()
#3 [internal function]: spl_autoload_call()
#4 /home/don/Documents/mitsis/system/CodeIgniter.php(869): class_exists()
#5 /home/don/Documents/mitsis/system/CodeIgniter.php(394): CodeIgniter\CodeIgniter->startController()
#6 /home/don/Documents/mitsis/system/CodeIgniter.php(312): CodeIgniter\CodeIgniter->handleRequest()
#7 /home/don/Documents/mitsis/public/index.php(45): CodeIgniter\CodeIgniter->run()
#8 /home/don/Documents/mitsis/system/Commands/Server/rewrite.php(34): require_once('/home/don/Docum...')
#9 {main}
CRITICAL - 2020-11-09 04:23:35 --> syntax error, unexpected ';', expecting ')'
#0 /home/don/Documents/mitsis/system/Autoloader/Autoloader.php(296): CodeIgniter\Autoloader\Autoloader->requireFile()
#1 /home/don/Documents/mitsis/system/Autoloader/Autoloader.php(258): CodeIgniter\Autoloader\Autoloader->loadInNamespace()
#2 [internal function]: CodeIgniter\Autoloader\Autoloader->loadClass()
#3 [internal function]: spl_autoload_call()
#4 /home/don/Documents/mitsis/system/CodeIgniter.php(869): class_exists()
#5 /home/don/Documents/mitsis/system/CodeIgniter.php(394): CodeIgniter\CodeIgniter->startController()
#6 /home/don/Documents/mitsis/system/CodeIgniter.php(312): CodeIgniter\CodeIgniter->handleRequest()
#7 /home/don/Documents/mitsis/public/index.php(45): CodeIgniter\CodeIgniter->run()
#8 /home/don/Documents/mitsis/system/Commands/Server/rewrite.php(34): require_once('/home/don/Docum...')
#9 {main}
CRITICAL - 2020-11-09 04:24:10 --> syntax error, unexpected ';', expecting ')'
#0 /home/don/Documents/mitsis/system/Autoloader/Autoloader.php(296): CodeIgniter\Autoloader\Autoloader->requireFile()
#1 /home/don/Documents/mitsis/system/Autoloader/Autoloader.php(258): CodeIgniter\Autoloader\Autoloader->loadInNamespace()
#2 [internal function]: CodeIgniter\Autoloader\Autoloader->loadClass()
#3 [internal function]: spl_autoload_call()
#4 /home/don/Documents/mitsis/system/CodeIgniter.php(869): class_exists()
#5 /home/don/Documents/mitsis/system/CodeIgniter.php(394): CodeIgniter\CodeIgniter->startController()
#6 /home/don/Documents/mitsis/system/CodeIgniter.php(312): CodeIgniter\CodeIgniter->handleRequest()
#7 /home/don/Documents/mitsis/public/index.php(45): CodeIgniter\CodeIgniter->run()
#8 /home/don/Documents/mitsis/system/Commands/Server/rewrite.php(34): require_once('/home/don/Docum...')
#9 {main}
CRITICAL - 2020-11-09 04:24:11 --> syntax error, unexpected ';', expecting ')'
#0 /home/don/Documents/mitsis/system/Autoloader/Autoloader.php(296): CodeIgniter\Autoloader\Autoloader->requireFile()
#1 /home/don/Documents/mitsis/system/Autoloader/Autoloader.php(258): CodeIgniter\Autoloader\Autoloader->loadInNamespace()
#2 [internal function]: CodeIgniter\Autoloader\Autoloader->loadClass()
#3 [internal function]: spl_autoload_call()
#4 /home/don/Documents/mitsis/system/CodeIgniter.php(869): class_exists()
#5 /home/don/Documents/mitsis/system/CodeIgniter.php(394): CodeIgniter\CodeIgniter->startController()
#6 /home/don/Documents/mitsis/system/CodeIgniter.php(312): CodeIgniter\CodeIgniter->handleRequest()
#7 /home/don/Documents/mitsis/public/index.php(45): CodeIgniter\CodeIgniter->run()
#8 /home/don/Documents/mitsis/system/Commands/Server/rewrite.php(34): require_once('/home/don/Docum...')
#9 {main}
CRITICAL - 2020-11-09 04:24:11 --> syntax error, unexpected ';', expecting ')'
#0 /home/don/Documents/mitsis/system/Autoloader/Autoloader.php(296): CodeIgniter\Autoloader\Autoloader->requireFile()
#1 /home/don/Documents/mitsis/system/Autoloader/Autoloader.php(258): CodeIgniter\Autoloader\Autoloader->loadInNamespace()
#2 [internal function]: CodeIgniter\Autoloader\Autoloader->loadClass()
#3 [internal function]: spl_autoload_call()
#4 /home/don/Documents/mitsis/system/CodeIgniter.php(869): class_exists()
#5 /home/don/Documents/mitsis/system/CodeIgniter.php(394): CodeIgniter\CodeIgniter->startController()
#6 /home/don/Documents/mitsis/system/CodeIgniter.php(312): CodeIgniter\CodeIgniter->handleRequest()
#7 /home/don/Documents/mitsis/public/index.php(45): CodeIgniter\CodeIgniter->run()
#8 /home/don/Documents/mitsis/system/Commands/Server/rewrite.php(34): require_once('/home/don/Docum...')
#9 {main}
CRITICAL - 2020-11-09 04:24:22 --> Argument 2 passed to view() must be of the type array, null given, called in /home/don/Documents/mitsis/app/Controllers/Users.php on line 9
#0 /home/don/Documents/mitsis/app/Controllers/Users.php(9): view()
#1 /home/don/Documents/mitsis/system/CodeIgniter.php(918): App\Controllers\Users->index()
#2 /home/don/Documents/mitsis/system/CodeIgniter.php(404): CodeIgniter\CodeIgniter->runController()
#3 /home/don/Documents/mitsis/system/CodeIgniter.php(312): CodeIgniter\CodeIgniter->handleRequest()
#4 /home/don/Documents/mitsis/public/index.php(45): CodeIgniter\CodeIgniter->run()
#5 /home/don/Documents/mitsis/system/Commands/Server/rewrite.php(34): require_once('/home/don/Docum...')
#6 {main}
CRITICAL - 2020-11-09 04:24:22 --> Argument 2 passed to view() must be of the type array, null given, called in /home/don/Documents/mitsis/app/Controllers/Users.php on line 9
#0 /home/don/Documents/mitsis/app/Controllers/Users.php(9): view()
#1 /home/don/Documents/mitsis/system/CodeIgniter.php(918): App\Controllers\Users->index()
#2 /home/don/Documents/mitsis/system/CodeIgniter.php(404): CodeIgniter\CodeIgniter->runController()
#3 /home/don/Documents/mitsis/system/CodeIgniter.php(312): CodeIgniter\CodeIgniter->handleRequest()
#4 /home/don/Documents/mitsis/public/index.php(45): CodeIgniter\CodeIgniter->run()
#5 /home/don/Documents/mitsis/system/Commands/Server/rewrite.php(34): require_once('/home/don/Docum...')
#6 {main}
CRITICAL - 2020-11-09 04:24:23 --> Argument 2 passed to view() must be of the type array, null given, called in /home/don/Documents/mitsis/app/Controllers/Users.php on line 9
#0 /home/don/Documents/mitsis/app/Controllers/Users.php(9): view()
#1 /home/don/Documents/mitsis/system/CodeIgniter.php(918): App\Controllers\Users->index()
#2 /home/don/Documents/mitsis/system/CodeIgniter.php(404): CodeIgniter\CodeIgniter->runController()
#3 /home/don/Documents/mitsis/system/CodeIgniter.php(312): CodeIgniter\CodeIgniter->handleRequest()
#4 /home/don/Documents/mitsis/public/index.php(45): CodeIgniter\CodeIgniter->run()
#5 /home/don/Documents/mitsis/system/Commands/Server/rewrite.php(34): require_once('/home/don/Docum...')
#6 {main}
CRITICAL - 2020-11-09 04:26:31 --> Argument 2 passed to view() must be of the type array, null given, called in /home/don/Documents/mitsis/app/Controllers/Users.php on line 9
#0 /home/don/Documents/mitsis/app/Controllers/Users.php(9): view()
#1 /home/don/Documents/mitsis/system/CodeIgniter.php(918): App\Controllers\Users->index()
#2 /home/don/Documents/mitsis/system/CodeIgniter.php(404): CodeIgniter\CodeIgniter->runController()
#3 /home/don/Documents/mitsis/system/CodeIgniter.php(312): CodeIgniter\CodeIgniter->handleRequest()
#4 /home/don/Documents/mitsis/public/index.php(45): CodeIgniter\CodeIgniter->run()
#5 /home/don/Documents/mitsis/system/Commands/Server/rewrite.php(34): require_once('/home/don/Docum...')
#6 {main}
CRITICAL - 2020-11-09 04:26:31 --> Argument 2 passed to view() must be of the type array, null given, called in /home/don/Documents/mitsis/app/Controllers/Users.php on line 9
#0 /home/don/Documents/mitsis/app/Controllers/Users.php(9): view()
#1 /home/don/Documents/mitsis/system/CodeIgniter.php(918): App\Controllers\Users->index()
#2 /home/don/Documents/mitsis/system/CodeIgniter.php(404): CodeIgniter\CodeIgniter->runController()
#3 /home/don/Documents/mitsis/system/CodeIgniter.php(312): CodeIgniter\CodeIgniter->handleRequest()
#4 /home/don/Documents/mitsis/public/index.php(45): CodeIgniter\CodeIgniter->run()
#5 /home/don/Documents/mitsis/system/Commands/Server/rewrite.php(34): require_once('/home/don/Docum...')
#6 {main}
CRITICAL - 2020-11-09 04:26:58 --> Argument 2 passed to view() must be of the type array, null given, called in /home/don/Documents/mitsis/app/Controllers/Users.php on line 9
#0 /home/don/Documents/mitsis/app/Controllers/Users.php(9): view()
#1 /home/don/Documents/mitsis/system/CodeIgniter.php(918): App\Controllers\Users->index()
#2 /home/don/Documents/mitsis/system/CodeIgniter.php(404): CodeIgniter\CodeIgniter->runController()
#3 /home/don/Documents/mitsis/system/CodeIgniter.php(312): CodeIgniter\CodeIgniter->handleRequest()
#4 /home/don/Documents/mitsis/public/index.php(45): CodeIgniter\CodeIgniter->run()
#5 /home/don/Documents/mitsis/system/Commands/Server/rewrite.php(34): require_once('/home/don/Docum...')
#6 {main}
CRITICAL - 2020-11-09 04:26:59 --> Argument 2 passed to view() must be of the type array, null given, called in /home/don/Documents/mitsis/app/Controllers/Users.php on line 9
#0 /home/don/Documents/mitsis/app/Controllers/Users.php(9): view()
#1 /home/don/Documents/mitsis/system/CodeIgniter.php(918): App\Controllers\Users->index()
#2 /home/don/Documents/mitsis/system/CodeIgniter.php(404): CodeIgniter\CodeIgniter->runController()
#3 /home/don/Documents/mitsis/system/CodeIgniter.php(312): CodeIgniter\CodeIgniter->handleRequest()
#4 /home/don/Documents/mitsis/public/index.php(45): CodeIgniter\CodeIgniter->run()
#5 /home/don/Documents/mitsis/system/Commands/Server/rewrite.php(34): require_once('/home/don/Docum...')
#6 {main}
CRITICAL - 2020-11-09 04:27:00 --> Argument 2 passed to view() must be of the type array, null given, called in /home/don/Documents/mitsis/app/Controllers/Users.php on line 9
#0 /home/don/Documents/mitsis/app/Controllers/Users.php(9): view()
#1 /home/don/Documents/mitsis/system/CodeIgniter.php(918): App\Controllers\Users->index()
#2 /home/don/Documents/mitsis/system/CodeIgniter.php(404): CodeIgniter\CodeIgniter->runController()
#3 /home/don/Documents/mitsis/system/CodeIgniter.php(312): CodeIgniter\CodeIgniter->handleRequest()
#4 /home/don/Documents/mitsis/public/index.php(45): CodeIgniter\CodeIgniter->run()
#5 /home/don/Documents/mitsis/system/Commands/Server/rewrite.php(34): require_once('/home/don/Docum...')
#6 {main}
CRITICAL - 2020-11-09 04:27:06 --> Argument 2 passed to view() must be of the type array, null given, called in /home/don/Documents/mitsis/app/Controllers/Users.php on line 9
#0 /home/don/Documents/mitsis/app/Controllers/Users.php(9): view()
#1 /home/don/Documents/mitsis/system/CodeIgniter.php(918): App\Controllers\Users->index()
#2 /home/don/Documents/mitsis/system/CodeIgniter.php(404): CodeIgniter\CodeIgniter->runController()
#3 /home/don/Documents/mitsis/system/CodeIgniter.php(312): CodeIgniter\CodeIgniter->handleRequest()
#4 /home/don/Documents/mitsis/public/index.php(45): CodeIgniter\CodeIgniter->run()
#5 /home/don/Documents/mitsis/system/Commands/Server/rewrite.php(34): require_once('/home/don/Docum...')
#6 {main}
CRITICAL - 2020-11-09 04:32:40 --> Undefined variable: data
#0 /home/don/Documents/mitsis/app/Controllers/Users.php(9): CodeIgniter\Debug\Exceptions->errorHandler()
#1 /home/don/Documents/mitsis/system/CodeIgniter.php(918): App\Controllers\Users->index()
#2 /home/don/Documents/mitsis/system/CodeIgniter.php(404): CodeIgniter\CodeIgniter->runController()
#3 /home/don/Documents/mitsis/system/CodeIgniter.php(312): CodeIgniter\CodeIgniter->handleRequest()
#4 /home/don/Documents/mitsis/public/index.php(45): CodeIgniter\CodeIgniter->run()
#5 /home/don/Documents/mitsis/system/Commands/Server/rewrite.php(34): require_once('/home/don/Docum...')
#6 {main}
CRITICAL - 2020-11-09 04:36:13 --> Call to undefined function set_value()
#0 /home/don/Documents/mitsis/system/View/View.php(246): include()
#1 /home/don/Documents/mitsis/system/Common.php(1119): CodeIgniter\View\View->render()
#2 /home/don/Documents/mitsis/app/Controllers/Users.php(10): view()
#3 /home/don/Documents/mitsis/system/CodeIgniter.php(918): App\Controllers\Users->index()
#4 /home/don/Documents/mitsis/system/CodeIgniter.php(404): CodeIgniter\CodeIgniter->runController()
#5 /home/don/Documents/mitsis/system/CodeIgniter.php(312): CodeIgniter\CodeIgniter->handleRequest()
#6 /home/don/Documents/mitsis/public/index.php(45): CodeIgniter\CodeIgniter->run()
#7 /home/don/Documents/mitsis/system/Commands/Server/rewrite.php(34): require_once('/home/don/Docum...')
#8 {main}
CRITICAL - 2020-11-09 04:36:47 --> syntax error, unexpected ';', expecting ')'
#0 /home/don/Documents/mitsis/system/Autoloader/Autoloader.php(296): CodeIgniter\Autoloader\Autoloader->requireFile()
#1 /home/don/Documents/mitsis/system/Autoloader/Autoloader.php(258): CodeIgniter\Autoloader\Autoloader->loadInNamespace()
#2 [internal function]: CodeIgniter\Autoloader\Autoloader->loadClass()
#3 [internal function]: spl_autoload_call()
#4 /home/don/Documents/mitsis/system/CodeIgniter.php(869): class_exists()
#5 /home/don/Documents/mitsis/system/CodeIgniter.php(394): CodeIgniter\CodeIgniter->startController()
#6 /home/don/Documents/mitsis/system/CodeIgniter.php(312): CodeIgniter\CodeIgniter->handleRequest()
#7 /home/don/Documents/mitsis/public/index.php(45): CodeIgniter\CodeIgniter->run()
#8 /home/don/Documents/mitsis/system/Commands/Server/rewrite.php(34): require_once('/home/don/Docum...')
#9 {main}
CRITICAL - 2020-11-09 05:39:04 --> syntax error, unexpected 'public' (T_PUBLIC), expecting end of file
#0 /home/don/Documents/mitsis/system/Autoloader/Autoloader.php(296): CodeIgniter\Autoloader\Autoloader->requireFile()
#1 /home/don/Documents/mitsis/system/Autoloader/Autoloader.php(258): CodeIgniter\Autoloader\Autoloader->loadInNamespace()
#2 [internal function]: CodeIgniter\Autoloader\Autoloader->loadClass()
#3 [internal function]: spl_autoload_call()
#4 /home/don/Documents/mitsis/system/CodeIgniter.php(869): class_exists()
#5 /home/don/Documents/mitsis/system/CodeIgniter.php(394): CodeIgniter\CodeIgniter->startController()
#6 /home/don/Documents/mitsis/system/CodeIgniter.php(312): CodeIgniter\CodeIgniter->handleRequest()
#7 /home/don/Documents/mitsis/public/index.php(45): CodeIgniter\CodeIgniter->run()
#8 /home/don/Documents/mitsis/system/Commands/Server/rewrite.php(34): require_once('/home/don/Docum...')
#9 {main}
CRITICAL - 2020-11-09 05:39:14 --> syntax error, unexpected 'public' (T_PUBLIC), expecting end of file
#0 /home/don/Documents/mitsis/system/Autoloader/Autoloader.php(296): CodeIgniter\Autoloader\Autoloader->requireFile()
#1 /home/don/Documents/mitsis/system/Autoloader/Autoloader.php(258): CodeIgniter\Autoloader\Autoloader->loadInNamespace()
#2 [internal function]: CodeIgniter\Autoloader\Autoloader->loadClass()
#3 [internal function]: spl_autoload_call()
#4 /home/don/Documents/mitsis/system/CodeIgniter.php(869): class_exists()
#5 /home/don/Documents/mitsis/system/CodeIgniter.php(394): CodeIgniter\CodeIgniter->startController()
#6 /home/don/Documents/mitsis/system/CodeIgniter.php(312): CodeIgniter\CodeIgniter->handleRequest()
#7 /home/don/Documents/mitsis/public/index.php(45): CodeIgniter\CodeIgniter->run()
#8 /home/don/Documents/mitsis/system/Commands/Server/rewrite.php(34): require_once('/home/don/Docum...')
#9 {main}
CRITICAL - 2020-11-09 05:39:44 --> syntax error, unexpected 'public' (T_PUBLIC), expecting end of file
#0 /home/don/Documents/mitsis/system/Autoloader/Autoloader.php(296): CodeIgniter\Autoloader\Autoloader->requireFile()
#1 /home/don/Documents/mitsis/system/Autoloader/Autoloader.php(258): CodeIgniter\Autoloader\Autoloader->loadInNamespace()
#2 [internal function]: CodeIgniter\Autoloader\Autoloader->loadClass()
#3 [internal function]: spl_autoload_call()
#4 /home/don/Documents/mitsis/system/CodeIgniter.php(869): class_exists()
#5 /home/don/Documents/mitsis/system/CodeIgniter.php(394): CodeIgniter\CodeIgniter->startController()
#6 /home/don/Documents/mitsis/system/CodeIgniter.php(312): CodeIgniter\CodeIgniter->handleRequest()
#7 /home/don/Documents/mitsis/public/index.php(45): CodeIgniter\CodeIgniter->run()
#8 /home/don/Documents/mitsis/system/Commands/Server/rewrite.php(34): require_once('/home/don/Docum...')
#9 {main}
CRITICAL - 2020-11-09 05:39:45 --> syntax error, unexpected 'public' (T_PUBLIC), expecting end of file
#0 /home/don/Documents/mitsis/system/Autoloader/Autoloader.php(296): CodeIgniter\Autoloader\Autoloader->requireFile()
#1 /home/don/Documents/mitsis/system/Autoloader/Autoloader.php(258): CodeIgniter\Autoloader\Autoloader->loadInNamespace()
#2 [internal function]: CodeIgniter\Autoloader\Autoloader->loadClass()
#3 [internal function]: spl_autoload_call()
#4 /home/don/Documents/mitsis/system/CodeIgniter.php(869): class_exists()
#5 /home/don/Documents/mitsis/system/CodeIgniter.php(394): CodeIgniter\CodeIgniter->startController()
#6 /home/don/Documents/mitsis/system/CodeIgniter.php(312): CodeIgniter\CodeIgniter->handleRequest()
#7 /home/don/Documents/mitsis/public/index.php(45): CodeIgniter\CodeIgniter->run()
#8 /home/don/Documents/mitsis/system/Commands/Server/rewrite.php(34): require_once('/home/don/Docum...')
#9 {main}
CRITICAL - 2020-11-09 05:39:53 --> Cannot redeclare App\Controllers\Users::index()
#0 [internal function]: CodeIgniter\Debug\Exceptions->shutdownHandler()
#1 {main}
CRITICAL - 2020-11-09 05:40:34 --> Cannot redeclare App\Controllers\Users::index()
#0 [internal function]: CodeIgniter\Debug\Exceptions->shutdownHandler()
#1 {main}
CRITICAL - 2020-11-09 07:26:14 --> syntax error, unexpected 'register' (T_STRING)
#0 /home/don/Documents/mitsis/system/Autoloader/Autoloader.php(296): CodeIgniter\Autoloader\Autoloader->requireFile()
#1 /home/don/Documents/mitsis/system/Autoloader/Autoloader.php(258): CodeIgniter\Autoloader\Autoloader->loadInNamespace()
#2 [internal function]: CodeIgniter\Autoloader\Autoloader->loadClass()
#3 [internal function]: spl_autoload_call()
#4 /home/don/Documents/mitsis/system/CodeIgniter.php(869): class_exists()
#5 /home/don/Documents/mitsis/system/CodeIgniter.php(394): CodeIgniter\CodeIgniter->startController()
#6 /home/don/Documents/mitsis/system/CodeIgniter.php(312): CodeIgniter\CodeIgniter->handleRequest()
#7 /home/don/Documents/mitsis/public/index.php(45): CodeIgniter\CodeIgniter->run()
#8 /home/don/Documents/mitsis/system/Commands/Server/rewrite.php(34): require_once('/home/don/Docum...')
#9 {main}
CRITICAL - 2020-11-09 07:26:40 --> syntax error, unexpected 'register' (T_STRING)
#0 /home/don/Documents/mitsis/system/Autoloader/Autoloader.php(296): CodeIgniter\Autoloader\Autoloader->requireFile()
#1 /home/don/Documents/mitsis/system/Autoloader/Autoloader.php(258): CodeIgniter\Autoloader\Autoloader->loadInNamespace()
#2 [internal function]: CodeIgniter\Autoloader\Autoloader->loadClass()
#3 [internal function]: spl_autoload_call()
#4 /home/don/Documents/mitsis/system/CodeIgniter.php(869): class_exists()
#5 /home/don/Documents/mitsis/system/CodeIgniter.php(394): CodeIgniter\CodeIgniter->startController()
#6 /home/don/Documents/mitsis/system/CodeIgniter.php(312): CodeIgniter\CodeIgniter->handleRequest()
#7 /home/don/Documents/mitsis/public/index.php(45): CodeIgniter\CodeIgniter->run()
#8 /home/don/Documents/mitsis/system/Commands/Server/rewrite.php(34): require_once('/home/don/Docum...')
#9 {main}
CRITICAL - 2020-11-09 07:26:41 --> syntax error, unexpected 'register' (T_STRING)
#0 /home/don/Documents/mitsis/system/Autoloader/Autoloader.php(296): CodeIgniter\Autoloader\Autoloader->requireFile()
#1 /home/don/Documents/mitsis/system/Autoloader/Autoloader.php(258): CodeIgniter\Autoloader\Autoloader->loadInNamespace()
#2 [internal function]: CodeIgniter\Autoloader\Autoloader->loadClass()
#3 [internal function]: spl_autoload_call()
#4 /home/don/Documents/mitsis/system/CodeIgniter.php(869): class_exists()
#5 /home/don/Documents/mitsis/system/CodeIgniter.php(394): CodeIgniter\CodeIgniter->startController()
#6 /home/don/Documents/mitsis/system/CodeIgniter.php(312): CodeIgniter\CodeIgniter->handleRequest()
#7 /home/don/Documents/mitsis/public/index.php(45): CodeIgniter\CodeIgniter->run()
#8 /home/don/Documents/mitsis/system/Commands/Server/rewrite.php(34): require_once('/home/don/Docum...')
#9 {main}
CRITICAL - 2020-11-09 07:27:07 --> syntax error, unexpected 'register' (T_STRING)
#0 /home/don/Documents/mitsis/system/Autoloader/Autoloader.php(296): CodeIgniter\Autoloader\Autoloader->requireFile()
#1 /home/don/Documents/mitsis/system/Autoloader/Autoloader.php(258): CodeIgniter\Autoloader\Autoloader->loadInNamespace()
#2 [internal function]: CodeIgniter\Autoloader\Autoloader->loadClass()
#3 [internal function]: spl_autoload_call()
#4 /home/don/Documents/mitsis/system/CodeIgniter.php(869): class_exists()
#5 /home/don/Documents/mitsis/system/CodeIgniter.php(394): CodeIgniter\CodeIgniter->startController()
#6 /home/don/Documents/mitsis/system/CodeIgniter.php(312): CodeIgniter\CodeIgniter->handleRequest()
#7 /home/don/Documents/mitsis/public/index.php(45): CodeIgniter\CodeIgniter->run()
#8 /home/don/Documents/mitsis/system/Commands/Server/rewrite.php(34): require_once('/home/don/Docum...')
#9 {main}
CRITICAL - 2020-11-09 07:27:45 --> syntax error, unexpected 'register' (T_STRING)
#0 /home/don/Documents/mitsis/system/Autoloader/Autoloader.php(296): CodeIgniter\Autoloader\Autoloader->requireFile()
#1 /home/don/Documents/mitsis/system/Autoloader/Autoloader.php(258): CodeIgniter\Autoloader\Autoloader->loadInNamespace()
#2 [internal function]: CodeIgniter\Autoloader\Autoloader->loadClass()
#3 [internal function]: spl_autoload_call()
#4 /home/don/Documents/mitsis/system/CodeIgniter.php(869): class_exists()
#5 /home/don/Documents/mitsis/system/CodeIgniter.php(394): CodeIgniter\CodeIgniter->startController()
#6 /home/don/Documents/mitsis/system/CodeIgniter.php(312): CodeIgniter\CodeIgniter->handleRequest()
#7 /home/don/Documents/mitsis/public/index.php(45): CodeIgniter\CodeIgniter->run()
#8 /home/don/Documents/mitsis/system/Commands/Server/rewrite.php(34): require_once('/home/don/Docum...')
#9 {main}
CRITICAL - 2020-11-09 07:28:27 --> syntax error, unexpected '"'
#0 /home/don/Documents/mitsis/system/Autoloader/Autoloader.php(296): CodeIgniter\Autoloader\Autoloader->requireFile()
#1 /home/don/Documents/mitsis/system/Autoloader/Autoloader.php(258): CodeIgniter\Autoloader\Autoloader->loadInNamespace()
#2 [internal function]: CodeIgniter\Autoloader\Autoloader->loadClass()
#3 [internal function]: spl_autoload_call()
#4 /home/don/Documents/mitsis/system/CodeIgniter.php(869): class_exists()
#5 /home/don/Documents/mitsis/system/CodeIgniter.php(394): CodeIgniter\CodeIgniter->startController()
#6 /home/don/Documents/mitsis/system/CodeIgniter.php(312): CodeIgniter\CodeIgniter->handleRequest()
#7 /home/don/Documents/mitsis/public/index.php(45): CodeIgniter\CodeIgniter->run()
#8 /home/don/Documents/mitsis/system/Commands/Server/rewrite.php(34): require_once('/home/don/Docum...')
#9 {main}
CRITICAL - 2020-11-09 07:28:28 --> syntax error, unexpected '"'
#0 /home/don/Documents/mitsis/system/Autoloader/Autoloader.php(296): CodeIgniter\Autoloader\Autoloader->requireFile()
#1 /home/don/Documents/mitsis/system/Autoloader/Autoloader.php(258): CodeIgniter\Autoloader\Autoloader->loadInNamespace()
#2 [internal function]: CodeIgniter\Autoloader\Autoloader->loadClass()
#3 [internal function]: spl_autoload_call()
#4 /home/don/Documents/mitsis/system/CodeIgniter.php(869): class_exists()
#5 /home/don/Documents/mitsis/system/CodeIgniter.php(394): CodeIgniter\CodeIgniter->startController()
#6 /home/don/Documents/mitsis/system/CodeIgniter.php(312): CodeIgniter\CodeIgniter->handleRequest()
#7 /home/don/Documents/mitsis/public/index.php(45): CodeIgniter\CodeIgniter->run()
#8 /home/don/Documents/mitsis/system/Commands/Server/rewrite.php(34): require_once('/home/don/Docum...')
#9 {main}
CRITICAL - 2020-11-09 07:28:29 --> syntax error, unexpected '"'
#0 /home/don/Documents/mitsis/system/Autoloader/Autoloader.php(296): CodeIgniter\Autoloader\Autoloader->requireFile()
#1 /home/don/Documents/mitsis/system/Autoloader/Autoloader.php(258): CodeIgniter\Autoloader\Autoloader->loadInNamespace()
#2 [internal function]: CodeIgniter\Autoloader\Autoloader->loadClass()
#3 [internal function]: spl_autoload_call()
#4 /home/don/Documents/mitsis/system/CodeIgniter.php(869): class_exists()
#5 /home/don/Documents/mitsis/system/CodeIgniter.php(394): CodeIgniter\CodeIgniter->startController()
#6 /home/don/Documents/mitsis/system/CodeIgniter.php(312): CodeIgniter\CodeIgniter->handleRequest()
#7 /home/don/Documents/mitsis/public/index.php(45): CodeIgniter\CodeIgniter->run()
#8 /home/don/Documents/mitsis/system/Commands/Server/rewrite.php(34): require_once('/home/don/Docum...')
#9 {main}
CRITICAL - 2020-11-09 07:28:42 --> syntax error, unexpected end of file, expecting function (T_FUNCTION) or const (T_CONST)
#0 /home/don/Documents/mitsis/system/Autoloader/Autoloader.php(296): CodeIgniter\Autoloader\Autoloader->requireFile()
#1 /home/don/Documents/mitsis/system/Autoloader/Autoloader.php(258): CodeIgniter\Autoloader\Autoloader->loadInNamespace()
#2 [internal function]: CodeIgniter\Autoloader\Autoloader->loadClass()
#3 [internal function]: spl_autoload_call()
#4 /home/don/Documents/mitsis/system/CodeIgniter.php(869): class_exists()
#5 /home/don/Documents/mitsis/system/CodeIgniter.php(394): CodeIgniter\CodeIgniter->startController()
#6 /home/don/Documents/mitsis/system/CodeIgniter.php(312): CodeIgniter\CodeIgniter->handleRequest()
#7 /home/don/Documents/mitsis/public/index.php(45): CodeIgniter\CodeIgniter->run()
#8 /home/don/Documents/mitsis/system/Commands/Server/rewrite.php(34): require_once('/home/don/Docum...')
#9 {main}
CRITICAL - 2020-11-09 07:36:29 --> syntax error, unexpected '}', expecting end of file
#0 /home/don/Documents/mitsis/system/Autoloader/Autoloader.php(296): CodeIgniter\Autoloader\Autoloader->requireFile()
#1 /home/don/Documents/mitsis/system/Autoloader/Autoloader.php(258): CodeIgniter\Autoloader\Autoloader->loadInNamespace()
#2 [internal function]: CodeIgniter\Autoloader\Autoloader->loadClass()
#3 [internal function]: spl_autoload_call()
#4 /home/don/Documents/mitsis/system/CodeIgniter.php(869): class_exists()
#5 /home/don/Documents/mitsis/system/CodeIgniter.php(394): CodeIgniter\CodeIgniter->startController()
#6 /home/don/Documents/mitsis/system/CodeIgniter.php(312): CodeIgniter\CodeIgniter->handleRequest()
#7 /home/don/Documents/mitsis/public/index.php(45): CodeIgniter\CodeIgniter->run()
#8 /home/don/Documents/mitsis/system/Commands/Server/rewrite.php(34): require_once('/home/don/Docum...')
#9 {main}
CRITICAL - 2020-11-09 07:37:54 --> syntax error, unexpected '}', expecting end of file
#0 /home/don/Documents/mitsis/system/Autoloader/Autoloader.php(296): CodeIgniter\Autoloader\Autoloader->requireFile()
#1 /home/don/Documents/mitsis/system/Autoloader/Autoloader.php(258): CodeIgniter\Autoloader\Autoloader->loadInNamespace()
#2 [internal function]: CodeIgniter\Autoloader\Autoloader->loadClass()
#3 [internal function]: spl_autoload_call()
#4 /home/don/Documents/mitsis/system/CodeIgniter.php(869): class_exists()
#5 /home/don/Documents/mitsis/system/CodeIgniter.php(394): CodeIgniter\CodeIgniter->startController()
#6 /home/don/Documents/mitsis/system/CodeIgniter.php(312): CodeIgniter\CodeIgniter->handleRequest()
#7 /home/don/Documents/mitsis/public/index.php(45): CodeIgniter\CodeIgniter->run()
#8 /home/don/Documents/mitsis/system/Commands/Server/rewrite.php(34): require_once('/home/don/Docum...')
#9 {main}
CRITICAL - 2020-11-09 07:38:28 --> Undefined variable: validation
#0 /home/don/Documents/mitsis/app/Views/register.php(60): CodeIgniter\Debug\Exceptions->errorHandler()
#1 /home/don/Documents/mitsis/system/View/View.php(246): include('/home/don/Docum...')
#2 /home/don/Documents/mitsis/system/Common.php(1119): CodeIgniter\View\View->render()
#3 /home/don/Documents/mitsis/app/Controllers/Users.php(43): view()
#4 /home/don/Documents/mitsis/system/CodeIgniter.php(918): App\Controllers\Users->register()
#5 /home/don/Documents/mitsis/system/CodeIgniter.php(404): CodeIgniter\CodeIgniter->runController()
#6 /home/don/Documents/mitsis/system/CodeIgniter.php(312): CodeIgniter\CodeIgniter->handleRequest()
#7 /home/don/Documents/mitsis/public/index.php(45): CodeIgniter\CodeIgniter->run()
#8 /home/don/Documents/mitsis/system/Commands/Server/rewrite.php(34): require_once('/home/don/Docum...')
#9 {main}
CRITICAL - 2020-11-09 07:40:36 --> syntax error, unexpected end of file
#0 /home/don/Documents/mitsis/system/Autoloader/Autoloader.php(296): CodeIgniter\Autoloader\Autoloader->requireFile()
#1 /home/don/Documents/mitsis/system/Autoloader/Autoloader.php(258): CodeIgniter\Autoloader\Autoloader->loadInNamespace()
#2 [internal function]: CodeIgniter\Autoloader\Autoloader->loadClass()
#3 [internal function]: spl_autoload_call()
#4 /home/don/Documents/mitsis/system/CodeIgniter.php(869): class_exists()
#5 /home/don/Documents/mitsis/system/CodeIgniter.php(394): CodeIgniter\CodeIgniter->startController()
#6 /home/don/Documents/mitsis/system/CodeIgniter.php(312): CodeIgniter\CodeIgniter->handleRequest()
#7 /home/don/Documents/mitsis/public/index.php(45): CodeIgniter\CodeIgniter->run()
#8 /home/don/Documents/mitsis/system/Commands/Server/rewrite.php(34): require_once('/home/don/Docum...')
#9 {main}
CRITICAL - 2020-11-09 07:41:10 --> syntax error, unexpected end of file, expecting function (T_FUNCTION) or const (T_CONST)
#0 /home/don/Documents/mitsis/system/Autoloader/Autoloader.php(296): CodeIgniter\Autoloader\Autoloader->requireFile()
#1 /home/don/Documents/mitsis/system/Autoloader/Autoloader.php(258): CodeIgniter\Autoloader\Autoloader->loadInNamespace()
#2 [internal function]: CodeIgniter\Autoloader\Autoloader->loadClass()
#3 [internal function]: spl_autoload_call()
#4 /home/don/Documents/mitsis/system/CodeIgniter.php(869): class_exists()
#5 /home/don/Documents/mitsis/system/CodeIgniter.php(394): CodeIgniter\CodeIgniter->startController()
#6 /home/don/Documents/mitsis/system/CodeIgniter.php(312): CodeIgniter\CodeIgniter->handleRequest()
#7 /home/don/Documents/mitsis/public/index.php(45): CodeIgniter\CodeIgniter->run()
#8 /home/don/Documents/mitsis/system/Commands/Server/rewrite.php(34): require_once('/home/don/Docum...')
#9 {main}
CRITICAL - 2020-11-09 07:41:31 --> Undefined variable: validation
#0 /home/don/Documents/mitsis/app/Views/register.php(60): CodeIgniter\Debug\Exceptions->errorHandler()
#1 /home/don/Documents/mitsis/system/View/View.php(246): include('/home/don/Docum...')
#2 /home/don/Documents/mitsis/system/Common.php(1119): CodeIgniter\View\View->render()
#3 /home/don/Documents/mitsis/app/Controllers/Users.php(43): view()
#4 /home/don/Documents/mitsis/system/CodeIgniter.php(918): App\Controllers\Users->register()
#5 /home/don/Documents/mitsis/system/CodeIgniter.php(404): CodeIgniter\CodeIgniter->runController()
#6 /home/don/Documents/mitsis/system/CodeIgniter.php(312): CodeIgniter\CodeIgniter->handleRequest()
#7 /home/don/Documents/mitsis/public/index.php(45): CodeIgniter\CodeIgniter->run()
#8 /home/don/Documents/mitsis/system/Commands/Server/rewrite.php(34): require_once('/home/don/Docum...')
#9 {main}
CRITICAL - 2020-11-09 07:41:58 --> Undefined variable: validation
#0 /home/don/Documents/mitsis/app/Views/register.php(60): CodeIgniter\Debug\Exceptions->errorHandler()
#1 /home/don/Documents/mitsis/system/View/View.php(246): include('/home/don/Docum...')
#2 /home/don/Documents/mitsis/system/Common.php(1119): CodeIgniter\View\View->render()
#3 /home/don/Documents/mitsis/app/Controllers/Users.php(43): view()
#4 /home/don/Documents/mitsis/system/CodeIgniter.php(918): App\Controllers\Users->register()
#5 /home/don/Documents/mitsis/system/CodeIgniter.php(404): CodeIgniter\CodeIgniter->runController()
#6 /home/don/Documents/mitsis/system/CodeIgniter.php(312): CodeIgniter\CodeIgniter->handleRequest()
#7 /home/don/Documents/mitsis/public/index.php(45): CodeIgniter\CodeIgniter->run()
#8 /home/don/Documents/mitsis/system/Commands/Server/rewrite.php(34): require_once('/home/don/Docum...')
#9 {main}
CRITICAL - 2020-11-09 07:41:59 --> Undefined variable: validation
#0 /home/don/Documents/mitsis/app/Views/register.php(60): CodeIgniter\Debug\Exceptions->errorHandler()
#1 /home/don/Documents/mitsis/system/View/View.php(246): include('/home/don/Docum...')
#2 /home/don/Documents/mitsis/system/Common.php(1119): CodeIgniter\View\View->render()
#3 /home/don/Documents/mitsis/app/Controllers/Users.php(43): view()
#4 /home/don/Documents/mitsis/system/CodeIgniter.php(918): App\Controllers\Users->register()
#5 /home/don/Documents/mitsis/system/CodeIgniter.php(404): CodeIgniter\CodeIgniter->runController()
#6 /home/don/Documents/mitsis/system/CodeIgniter.php(312): CodeIgniter\CodeIgniter->handleRequest()
#7 /home/don/Documents/mitsis/public/index.php(45): CodeIgniter\CodeIgniter->run()
#8 /home/don/Documents/mitsis/system/Commands/Server/rewrite.php(34): require_once('/home/don/Docum...')
#9 {main}
CRITICAL - 2020-11-09 07:42:22 --> Undefined variable: validation
#0 /home/don/Documents/mitsis/app/Views/register.php(60): CodeIgniter\Debug\Exceptions->errorHandler()
#1 /home/don/Documents/mitsis/system/View/View.php(246): include('/home/don/Docum...')
#2 /home/don/Documents/mitsis/system/Common.php(1119): CodeIgniter\View\View->render()
#3 /home/don/Documents/mitsis/app/Controllers/Users.php(43): view()
#4 /home/don/Documents/mitsis/system/CodeIgniter.php(918): App\Controllers\Users->register()
#5 /home/don/Documents/mitsis/system/CodeIgniter.php(404): CodeIgniter\CodeIgniter->runController()
#6 /home/don/Documents/mitsis/system/CodeIgniter.php(312): CodeIgniter\CodeIgniter->handleRequest()
#7 /home/don/Documents/mitsis/public/index.php(45): CodeIgniter\CodeIgniter->run()
#8 /home/don/Documents/mitsis/system/Commands/Server/rewrite.php(34): require_once('/home/don/Docum...')
#9 {main}
CRITICAL - 2020-11-09 07:42:23 --> Undefined variable: validation
#0 /home/don/Documents/mitsis/app/Views/register.php(60): CodeIgniter\Debug\Exceptions->errorHandler()
#1 /home/don/Documents/mitsis/system/View/View.php(246): include('/home/don/Docum...')
#2 /home/don/Documents/mitsis/system/Common.php(1119): CodeIgniter\View\View->render()
#3 /home/don/Documents/mitsis/app/Controllers/Users.php(43): view()
#4 /home/don/Documents/mitsis/system/CodeIgniter.php(918): App\Controllers\Users->register()
#5 /home/don/Documents/mitsis/system/CodeIgniter.php(404): CodeIgniter\CodeIgniter->runController()
#6 /home/don/Documents/mitsis/system/CodeIgniter.php(312): CodeIgniter\CodeIgniter->handleRequest()
#7 /home/don/Documents/mitsis/public/index.php(45): CodeIgniter\CodeIgniter->run()
#8 /home/don/Documents/mitsis/system/Commands/Server/rewrite.php(34): require_once('/home/don/Docum...')
#9 {main}
CRITICAL - 2020-11-09 07:42:48 --> Undefined variable: validation
#0 /home/don/Documents/mitsis/app/Views/register.php(60): CodeIgniter\Debug\Exceptions->errorHandler()
#1 /home/don/Documents/mitsis/system/View/View.php(246): include('/home/don/Docum...')
#2 /home/don/Documents/mitsis/system/Common.php(1119): CodeIgniter\View\View->render()
#3 /home/don/Documents/mitsis/app/Controllers/Users.php(43): view()
#4 /home/don/Documents/mitsis/system/CodeIgniter.php(918): App\Controllers\Users->register()
#5 /home/don/Documents/mitsis/system/CodeIgniter.php(404): CodeIgniter\CodeIgniter->runController()
#6 /home/don/Documents/mitsis/system/CodeIgniter.php(312): CodeIgniter\CodeIgniter->handleRequest()
#7 /home/don/Documents/mitsis/public/index.php(45): CodeIgniter\CodeIgniter->run()
#8 /home/don/Documents/mitsis/system/Commands/Server/rewrite.php(34): require_once('/home/don/Docum...')
#9 {main}
CRITICAL - 2020-11-09 07:42:49 --> Undefined variable: validation
#0 /home/don/Documents/mitsis/app/Views/register.php(60): CodeIgniter\Debug\Exceptions->errorHandler()
#1 /home/don/Documents/mitsis/system/View/View.php(246): include('/home/don/Docum...')
#2 /home/don/Documents/mitsis/system/Common.php(1119): CodeIgniter\View\View->render()
#3 /home/don/Documents/mitsis/app/Controllers/Users.php(43): view()
#4 /home/don/Documents/mitsis/system/CodeIgniter.php(918): App\Controllers\Users->register()
#5 /home/don/Documents/mitsis/system/CodeIgniter.php(404): CodeIgniter\CodeIgniter->runController()
#6 /home/don/Documents/mitsis/system/CodeIgniter.php(312): CodeIgniter\CodeIgniter->handleRequest()
#7 /home/don/Documents/mitsis/public/index.php(45): CodeIgniter\CodeIgniter->run()
#8 /home/don/Documents/mitsis/system/Commands/Server/rewrite.php(34): require_once('/home/don/Docum...')
#9 {main}
CRITICAL - 2020-11-09 07:43:06 --> syntax error, unexpected end of file, expecting function (T_FUNCTION) or const (T_CONST)
#0 /home/don/Documents/mitsis/system/Autoloader/Autoloader.php(296): CodeIgniter\Autoloader\Autoloader->requireFile()
#1 /home/don/Documents/mitsis/system/Autoloader/Autoloader.php(258): CodeIgniter\Autoloader\Autoloader->loadInNamespace()
#2 [internal function]: CodeIgniter\Autoloader\Autoloader->loadClass()
#3 [internal function]: spl_autoload_call()
#4 /home/don/Documents/mitsis/system/CodeIgniter.php(869): class_exists()
#5 /home/don/Documents/mitsis/system/CodeIgniter.php(394): CodeIgniter\CodeIgniter->startController()
#6 /home/don/Documents/mitsis/system/CodeIgniter.php(312): CodeIgniter\CodeIgniter->handleRequest()
#7 /home/don/Documents/mitsis/public/index.php(45): CodeIgniter\CodeIgniter->run()
#8 /home/don/Documents/mitsis/system/Commands/Server/rewrite.php(34): require_once('/home/don/Docum...')
#9 {main}
CRITICAL - 2020-11-09 07:43:32 --> Undefined variable: validation
#0 /home/don/Documents/mitsis/app/Views/register.php(60): CodeIgniter\Debug\Exceptions->errorHandler()
#1 /home/don/Documents/mitsis/system/View/View.php(246): include('/home/don/Docum...')
#2 /home/don/Documents/mitsis/system/Common.php(1119): CodeIgniter\View\View->render()
#3 /home/don/Documents/mitsis/app/Controllers/Users.php(43): view()
#4 /home/don/Documents/mitsis/system/CodeIgniter.php(918): App\Controllers\Users->register()
#5 /home/don/Documents/mitsis/system/CodeIgniter.php(404): CodeIgniter\CodeIgniter->runController()
#6 /home/don/Documents/mitsis/system/CodeIgniter.php(312): CodeIgniter\CodeIgniter->handleRequest()
#7 /home/don/Documents/mitsis/public/index.php(45): CodeIgniter\CodeIgniter->run()
#8 /home/don/Documents/mitsis/system/Commands/Server/rewrite.php(34): require_once('/home/don/Docum...')
#9 {main}
CRITICAL - 2020-11-09 07:43:53 --> Undefined variable: validation
#0 /home/don/Documents/mitsis/app/Views/register.php(60): CodeIgniter\Debug\Exceptions->errorHandler()
#1 /home/don/Documents/mitsis/system/View/View.php(246): include('/home/don/Docum...')
#2 /home/don/Documents/mitsis/system/Common.php(1119): CodeIgniter\View\View->render()
#3 /home/don/Documents/mitsis/app/Controllers/Users.php(43): view()
#4 /home/don/Documents/mitsis/system/CodeIgniter.php(918): App\Controllers\Users->register()
#5 /home/don/Documents/mitsis/system/CodeIgniter.php(404): CodeIgniter\CodeIgniter->runController()
#6 /home/don/Documents/mitsis/system/CodeIgniter.php(312): CodeIgniter\CodeIgniter->handleRequest()
#7 /home/don/Documents/mitsis/public/index.php(45): CodeIgniter\CodeIgniter->run()
#8 /home/don/Documents/mitsis/system/Commands/Server/rewrite.php(34): require_once('/home/don/Docum...')
#9 {main}
CRITICAL - 2020-11-09 07:45:31 --> syntax error, unexpected end of file, expecting function (T_FUNCTION) or const (T_CONST)
#0 /home/don/Documents/mitsis/system/Autoloader/Autoloader.php(296): CodeIgniter\Autoloader\Autoloader->requireFile()
#1 /home/don/Documents/mitsis/system/Autoloader/Autoloader.php(258): CodeIgniter\Autoloader\Autoloader->loadInNamespace()
#2 [internal function]: CodeIgniter\Autoloader\Autoloader->loadClass()
#3 [internal function]: spl_autoload_call()
#4 /home/don/Documents/mitsis/system/CodeIgniter.php(869): class_exists()
#5 /home/don/Documents/mitsis/system/CodeIgniter.php(394): CodeIgniter\CodeIgniter->startController()
#6 /home/don/Documents/mitsis/system/CodeIgniter.php(312): CodeIgniter\CodeIgniter->handleRequest()
#7 /home/don/Documents/mitsis/public/index.php(45): CodeIgniter\CodeIgniter->run()
#8 /home/don/Documents/mitsis/system/Commands/Server/rewrite.php(34): require_once('/home/don/Docum...')
#9 {main}
CRITICAL - 2020-11-09 07:45:49 --> Undefined variable: validation
#0 /home/don/Documents/mitsis/app/Views/register.php(60): CodeIgniter\Debug\Exceptions->errorHandler()
#1 /home/don/Documents/mitsis/system/View/View.php(246): include('/home/don/Docum...')
#2 /home/don/Documents/mitsis/system/Common.php(1119): CodeIgniter\View\View->render()
#3 /home/don/Documents/mitsis/app/Controllers/Users.php(43): view()
#4 /home/don/Documents/mitsis/system/CodeIgniter.php(918): App\Controllers\Users->register()
#5 /home/don/Documents/mitsis/system/CodeIgniter.php(404): CodeIgniter\CodeIgniter->runController()
#6 /home/don/Documents/mitsis/system/CodeIgniter.php(312): CodeIgniter\CodeIgniter->handleRequest()
#7 /home/don/Documents/mitsis/public/index.php(45): CodeIgniter\CodeIgniter->run()
#8 /home/don/Documents/mitsis/system/Commands/Server/rewrite.php(34): require_once('/home/don/Docum...')
#9 {main}
CRITICAL - 2020-11-09 07:47:19 --> Undefined variable: validation
#0 /home/don/Documents/mitsis/app/Views/register.php(60): CodeIgniter\Debug\Exceptions->errorHandler()
#1 /home/don/Documents/mitsis/system/View/View.php(246): include('/home/don/Docum...')
#2 /home/don/Documents/mitsis/system/Common.php(1119): CodeIgniter\View\View->render()
#3 /home/don/Documents/mitsis/app/Controllers/Users.php(43): view()
#4 /home/don/Documents/mitsis/system/CodeIgniter.php(918): App\Controllers\Users->register()
#5 /home/don/Documents/mitsis/system/CodeIgniter.php(404): CodeIgniter\CodeIgniter->runController()
#6 /home/don/Documents/mitsis/system/CodeIgniter.php(312): CodeIgniter\CodeIgniter->handleRequest()
#7 /home/don/Documents/mitsis/public/index.php(45): CodeIgniter\CodeIgniter->run()
#8 /home/don/Documents/mitsis/system/Commands/Server/rewrite.php(34): require_once('/home/don/Docum...')
#9 {main}
CRITICAL - 2020-11-09 07:47:21 --> Undefined variable: validation
#0 /home/don/Documents/mitsis/app/Views/register.php(60): CodeIgniter\Debug\Exceptions->errorHandler()
#1 /home/don/Documents/mitsis/system/View/View.php(246): include('/home/don/Docum...')
#2 /home/don/Documents/mitsis/system/Common.php(1119): CodeIgniter\View\View->render()
#3 /home/don/Documents/mitsis/app/Controllers/Users.php(43): view()
#4 /home/don/Documents/mitsis/system/CodeIgniter.php(918): App\Controllers\Users->register()
#5 /home/don/Documents/mitsis/system/CodeIgniter.php(404): CodeIgniter\CodeIgniter->runController()
#6 /home/don/Documents/mitsis/system/CodeIgniter.php(312): CodeIgniter\CodeIgniter->handleRequest()
#7 /home/don/Documents/mitsis/public/index.php(45): CodeIgniter\CodeIgniter->run()
#8 /home/don/Documents/mitsis/system/Commands/Server/rewrite.php(34): require_once('/home/don/Docum...')
#9 {main}
CRITICAL - 2020-11-09 07:48:13 --> Undefined variable: validation
#0 /home/don/Documents/mitsis/app/Views/register.php(60): CodeIgniter\Debug\Exceptions->errorHandler()
#1 /home/don/Documents/mitsis/system/View/View.php(246): include('/home/don/Docum...')
#2 /home/don/Documents/mitsis/system/Common.php(1119): CodeIgniter\View\View->render()
#3 /home/don/Documents/mitsis/app/Controllers/Users.php(43): view()
#4 /home/don/Documents/mitsis/system/CodeIgniter.php(918): App\Controllers\Users->register()
#5 /home/don/Documents/mitsis/system/CodeIgniter.php(404): CodeIgniter\CodeIgniter->runController()
#6 /home/don/Documents/mitsis/system/CodeIgniter.php(312): CodeIgniter\CodeIgniter->handleRequest()
#7 /home/don/Documents/mitsis/public/index.php(45): CodeIgniter\CodeIgniter->run()
#8 /home/don/Documents/mitsis/system/Commands/Server/rewrite.php(34): require_once('/home/don/Docum...')
#9 {main}
CRITICAL - 2020-11-09 07:48:48 --> Undefined variable: validation
#0 /home/don/Documents/mitsis/app/Views/register.php(60): CodeIgniter\Debug\Exceptions->errorHandler()
#1 /home/don/Documents/mitsis/system/View/View.php(246): include('/home/don/Docum...')
#2 /home/don/Documents/mitsis/system/Common.php(1119): CodeIgniter\View\View->render()
#3 /home/don/Documents/mitsis/app/Controllers/Users.php(43): view()
#4 /home/don/Documents/mitsis/system/CodeIgniter.php(918): App\Controllers\Users->register()
#5 /home/don/Documents/mitsis/system/CodeIgniter.php(404): CodeIgniter\CodeIgniter->runController()
#6 /home/don/Documents/mitsis/system/CodeIgniter.php(312): CodeIgniter\CodeIgniter->handleRequest()
#7 /home/don/Documents/mitsis/public/index.php(45): CodeIgniter\CodeIgniter->run()
#8 /home/don/Documents/mitsis/system/Commands/Server/rewrite.php(34): require_once('/home/don/Docum...')
#9 {main}
CRITICAL - 2020-11-09 07:50:43 --> Undefined variable: validation
#0 /home/don/Documents/mitsis/app/Views/register.php(60): CodeIgniter\Debug\Exceptions->errorHandler()
#1 /home/don/Documents/mitsis/system/View/View.php(246): include('/home/don/Docum...')
#2 /home/don/Documents/mitsis/system/Common.php(1119): CodeIgniter\View\View->render()
#3 /home/don/Documents/mitsis/app/Controllers/Users.php(43): view()
#4 /home/don/Documents/mitsis/system/CodeIgniter.php(918): App\Controllers\Users->register()
#5 /home/don/Documents/mitsis/system/CodeIgniter.php(404): CodeIgniter\CodeIgniter->runController()
#6 /home/don/Documents/mitsis/system/CodeIgniter.php(312): CodeIgniter\CodeIgniter->handleRequest()
#7 /home/don/Documents/mitsis/public/index.php(45): CodeIgniter\CodeIgniter->run()
#8 /home/don/Documents/mitsis/system/Commands/Server/rewrite.php(34): require_once('/home/don/Docum...')
#9 {main}
CRITICAL - 2020-11-09 07:51:30 --> syntax error, unexpected 'endif' (T_ENDIF), expecting end of file
#0 /home/don/Documents/mitsis/system/Common.php(1119): CodeIgniter\View\View->render()
#1 /home/don/Documents/mitsis/app/Controllers/Users.php(43): view()
#2 /home/don/Documents/mitsis/system/CodeIgniter.php(918): App\Controllers\Users->register()
#3 /home/don/Documents/mitsis/system/CodeIgniter.php(404): CodeIgniter\CodeIgniter->runController()
#4 /home/don/Documents/mitsis/system/CodeIgniter.php(312): CodeIgniter\CodeIgniter->handleRequest()
#5 /home/don/Documents/mitsis/public/index.php(45): CodeIgniter\CodeIgniter->run()
#6 /home/don/Documents/mitsis/system/Commands/Server/rewrite.php(34): require_once('/home/don/Docum...')
#7 {main}
CRITICAL - 2020-11-09 07:53:37 --> syntax error, unexpected 'endif' (T_ENDIF), expecting end of file
#0 /home/don/Documents/mitsis/system/Common.php(1119): CodeIgniter\View\View->render()
#1 /home/don/Documents/mitsis/app/Controllers/Users.php(45): view()
#2 /home/don/Documents/mitsis/system/CodeIgniter.php(918): App\Controllers\Users->register()
#3 /home/don/Documents/mitsis/system/CodeIgniter.php(404): CodeIgniter\CodeIgniter->runController()
#4 /home/don/Documents/mitsis/system/CodeIgniter.php(312): CodeIgniter\CodeIgniter->handleRequest()
#5 /home/don/Documents/mitsis/public/index.php(45): CodeIgniter\CodeIgniter->run()
#6 /home/don/Documents/mitsis/system/Commands/Server/rewrite.php(34): require_once('/home/don/Docum...')
#7 {main}
CRITICAL - 2020-11-09 07:53:38 --> syntax error, unexpected 'endif' (T_ENDIF), expecting end of file
#0 /home/don/Documents/mitsis/system/Common.php(1119): CodeIgniter\View\View->render()
#1 /home/don/Documents/mitsis/app/Controllers/Users.php(45): view()
#2 /home/don/Documents/mitsis/system/CodeIgniter.php(918): App\Controllers\Users->register()
#3 /home/don/Documents/mitsis/system/CodeIgniter.php(404): CodeIgniter\CodeIgniter->runController()
#4 /home/don/Documents/mitsis/system/CodeIgniter.php(312): CodeIgniter\CodeIgniter->handleRequest()
#5 /home/don/Documents/mitsis/public/index.php(45): CodeIgniter\CodeIgniter->run()
#6 /home/don/Documents/mitsis/system/Commands/Server/rewrite.php(34): require_once('/home/don/Docum...')
#7 {main}
CRITICAL - 2020-11-09 07:53:39 --> syntax error, unexpected 'endif' (T_ENDIF), expecting end of file
#0 /home/don/Documents/mitsis/system/Common.php(1119): CodeIgniter\View\View->render()
#1 /home/don/Documents/mitsis/app/Controllers/Users.php(45): view()
#2 /home/don/Documents/mitsis/system/CodeIgniter.php(918): App\Controllers\Users->register()
#3 /home/don/Documents/mitsis/system/CodeIgniter.php(404): CodeIgniter\CodeIgniter->runController()
#4 /home/don/Documents/mitsis/system/CodeIgniter.php(312): CodeIgniter\CodeIgniter->handleRequest()
#5 /home/don/Documents/mitsis/public/index.php(45): CodeIgniter\CodeIgniter->run()
#6 /home/don/Documents/mitsis/system/Commands/Server/rewrite.php(34): require_once('/home/don/Docum...')
#7 {main}
CRITICAL - 2020-11-09 07:54:08 --> syntax error, unexpected 'endif' (T_ENDIF), expecting end of file
#0 /home/don/Documents/mitsis/system/Common.php(1119): CodeIgniter\View\View->render()
#1 /home/don/Documents/mitsis/app/Controllers/Users.php(45): view()
#2 /home/don/Documents/mitsis/system/CodeIgniter.php(918): App\Controllers\Users->register()
#3 /home/don/Documents/mitsis/system/CodeIgniter.php(404): CodeIgniter\CodeIgniter->runController()
#4 /home/don/Documents/mitsis/system/CodeIgniter.php(312): CodeIgniter\CodeIgniter->handleRequest()
#5 /home/don/Documents/mitsis/public/index.php(45): CodeIgniter\CodeIgniter->run()
#6 /home/don/Documents/mitsis/system/Commands/Server/rewrite.php(34): require_once('/home/don/Docum...')
#7 {main}
CRITICAL - 2020-11-09 07:55:49 --> syntax error, unexpected 'endif' (T_ENDIF), expecting end of file
#0 /home/don/Documents/mitsis/system/Common.php(1119): CodeIgniter\View\View->render()
#1 /home/don/Documents/mitsis/app/Controllers/Users.php(45): view()
#2 /home/don/Documents/mitsis/system/CodeIgniter.php(918): App\Controllers\Users->register()
#3 /home/don/Documents/mitsis/system/CodeIgniter.php(404): CodeIgniter\CodeIgniter->runController()
#4 /home/don/Documents/mitsis/system/CodeIgniter.php(312): CodeIgniter\CodeIgniter->handleRequest()
#5 /home/don/Documents/mitsis/public/index.php(45): CodeIgniter\CodeIgniter->run()
#6 /home/don/Documents/mitsis/system/Commands/Server/rewrite.php(34): require_once('/home/don/Docum...')
#7 {main}
CRITICAL - 2020-11-09 07:57:31 --> Table 'mitsis.user' doesn't exist
#0 /home/don/Documents/mitsis/system/Database/MySQLi/Connection.php(331): mysqli->query()
#1 /home/don/Documents/mitsis/system/Database/BaseConnection.php(741): CodeIgniter\Database\MySQLi\Connection->execute()
#2 /home/don/Documents/mitsis/system/Database/BaseConnection.php(669): CodeIgniter\Database\BaseConnection->simpleQuery()
#3 /home/don/Documents/mitsis/system/Database/BaseBuilder.php(1860): CodeIgniter\Database\BaseConnection->query()
#4 /home/don/Documents/mitsis/system/Validation/Rules.php(240): CodeIgniter\Database\BaseBuilder->get()
#5 /home/don/Documents/mitsis/system/Validation/Validation.php(325): CodeIgniter\Validation\Rules->is_unique()
#6 /home/don/Documents/mitsis/system/Validation/Validation.php(189): CodeIgniter\Validation\Validation->processRules()
#7 /home/don/Documents/mitsis/system/Controller.php(219): CodeIgniter\Validation\Validation->run()
#8 /home/don/Documents/mitsis/app/Controllers/Users.php(34): CodeIgniter\Controller->validate()
#9 /home/don/Documents/mitsis/system/CodeIgniter.php(918): App\Controllers\Users->register()
#10 /home/don/Documents/mitsis/system/CodeIgniter.php(404): CodeIgniter\CodeIgniter->runController()
#11 /home/don/Documents/mitsis/system/CodeIgniter.php(312): CodeIgniter\CodeIgniter->handleRequest()
#12 /home/don/Documents/mitsis/public/index.php(45): CodeIgniter\CodeIgniter->run()
#13 /home/don/Documents/mitsis/system/Commands/Server/rewrite.php(34): require_once('/home/don/Docum...')
#14 {main}
CRITICAL - 2020-11-09 09:44:57 --> Table 'mitsis.user' doesn't exist
#0 /home/don/Documents/mitsis/system/Database/MySQLi/Connection.php(331): mysqli->query()
#1 /home/don/Documents/mitsis/system/Database/BaseConnection.php(741): CodeIgniter\Database\MySQLi\Connection->execute()
#2 /home/don/Documents/mitsis/system/Database/BaseConnection.php(669): CodeIgniter\Database\BaseConnection->simpleQuery()
#3 /home/don/Documents/mitsis/system/Database/BaseBuilder.php(1860): CodeIgniter\Database\BaseConnection->query()
#4 /home/don/Documents/mitsis/system/Validation/Rules.php(240): CodeIgniter\Database\BaseBuilder->get()
#5 /home/don/Documents/mitsis/system/Validation/Validation.php(325): CodeIgniter\Validation\Rules->is_unique()
#6 /home/don/Documents/mitsis/system/Validation/Validation.php(189): CodeIgniter\Validation\Validation->processRules()
#7 /home/don/Documents/mitsis/system/Controller.php(219): CodeIgniter\Validation\Validation->run()
#8 /home/don/Documents/mitsis/app/Controllers/Users.php(34): CodeIgniter\Controller->validate()
#9 /home/don/Documents/mitsis/system/CodeIgniter.php(918): App\Controllers\Users->register()
#10 /home/don/Documents/mitsis/system/CodeIgniter.php(404): CodeIgniter\CodeIgniter->runController()
#11 /home/don/Documents/mitsis/system/CodeIgniter.php(312): CodeIgniter\CodeIgniter->handleRequest()
#12 /home/don/Documents/mitsis/public/index.php(45): CodeIgniter\CodeIgniter->run()
#13 /home/don/Documents/mitsis/system/Commands/Server/rewrite.php(34): require_once('/home/don/Docum...')
#14 {main}
